e:\cppprojects\scootersrent\scootersrent\x64\debug\vc143.pdb
e:\cppprojects\scootersrent\scootersrent\x64\debug\vc143.idb
e:\cppprojects\scootersrent\scootersrent\x64\debug\user.obj
e:\cppprojects\scootersrent\scootersrent\x64\debug\submenuadministrator.obj
e:\cppprojects\scootersrent\scootersrent\x64\debug\store.obj
e:\cppprojects\scootersrent\scootersrent\x64\debug\scootersrent.obj
e:\cppprojects\scootersrent\scootersrent\x64\debug\scooter.obj
e:\cppprojects\scootersrent\scootersrent\x64\debug\menu.obj
e:\cppprojects\scootersrent\scootersrent\x64\debug\file.obj
e:\cppprojects\scootersrent\scootersrent\x64\debug\customer.obj
e:\cppprojects\scootersrent\scootersrent\x64\debug\administrator.obj
e:\cppprojects\scootersrent\scootersrent\x64\debug\submenucustomer.obj
e:\cppprojects\scootersrent\scootersrent\x64\debug\request.obj
e:\cppprojects\scootersrent\x64\debug\scootersrent.exe
e:\cppprojects\scootersrent\scootersrent\x64\debug\scootersrent.ilk
e:\cppprojects\scootersrent\x64\debug\scootersrent.pdb
e:\cppprojects\scootersrent\scootersrent\x64\debug\scootersrent.tlog\cl.command.1.tlog
e:\cppprojects\scootersrent\scootersrent\x64\debug\scootersrent.tlog\cl.read.1.tlog
e:\cppprojects\scootersrent\scootersrent\x64\debug\scootersrent.tlog\cl.write.1.tlog
e:\cppprojects\scootersrent\scootersrent\x64\debug\scootersrent.tlog\link.command.1.tlog
e:\cppprojects\scootersrent\scootersrent\x64\debug\scootersrent.tlog\link.read.1.tlog
e:\cppprojects\scootersrent\scootersrent\x64\debug\scootersrent.tlog\link.write.1.tlog
